{"C:\\Users\\Eddie\\Desktop\\ThoughtWorks Jumpstart\\music-practice-sequelize\\app.js": {"path":"C:\\Users\\Eddie\\Desktop\\ThoughtWorks Jumpstart\\music-practice-sequelize\\app.js","statementMap":{"0":{"start":{"line":1,"column":16},"end":{"line":1,"column":34}},"1":{"start":{"line":2,"column":12},"end":{"line":2,"column":21}},"2":{"start":{"line":3,"column":23},"end":{"line":3,"column":57}},"3":{"start":{"line":4,"column":20},"end":{"line":4,"column":51}},"4":{"start":{"line":5,"column":21},"end":{"line":5,"column":53}},"5":{"start":{"line":6,"column":20},"end":{"line":6,"column":51}},"6":{"start":{"line":8,"column":0},"end":{"line":8,"column":24}},"7":{"start":{"line":10,"column":0},"end":{"line":10,"column":74}},"8":{"start":{"line":10,"column":27},"end":{"line":10,"column":72}},"9":{"start":{"line":11,"column":0},"end":{"line":11,"column":38}},"10":{"start":{"line":12,"column":0},"end":{"line":12,"column":32}},"11":{"start":{"line":13,"column":0},"end":{"line":13,"column":34}},"12":{"start":{"line":14,"column":0},"end":{"line":14,"column":32}},"13":{"start":{"line":16,"column":0},"end":{"line":16,"column":21}}},"fnMap":{"0":{"name":"(anonymous_0)","decl":{"start":{"line":10,"column":13},"end":{"line":10,"column":14}},"loc":{"start":{"line":10,"column":27},"end":{"line":10,"column":72}},"line":10}},"branchMap":{},"s":{"0":5,"1":5,"2":5,"3":5,"4":5,"5":5,"6":5,"7":5,"8":1,"9":5,"10":5,"11":5,"12":5,"13":5},"f":{"0":1},"b":{},"_coverageSchema":"43e27e138ebf9cfc5966b082cf9a028302ed4184","hash":"618195bb47d21f8c32151e4fc184d5d0b174bfde"}
,"C:\\Users\\Eddie\\Desktop\\ThoughtWorks Jumpstart\\music-practice-sequelize\\seed.js": {"path":"C:\\Users\\Eddie\\Desktop\\ThoughtWorks Jumpstart\\music-practice-sequelize\\seed.js","statementMap":{"0":{"start":{"line":1,"column":43},"end":{"line":1,"column":62}},"1":{"start":{"line":3,"column":21},"end":{"line":56,"column":1}},"2":{"start":{"line":4,"column":2},"end":{"line":9,"column":4}},"3":{"start":{"line":11,"column":2},"end":{"line":20,"column":4}},"4":{"start":{"line":22,"column":2},"end":{"line":27,"column":4}},"5":{"start":{"line":29,"column":2},"end":{"line":35,"column":4}},"6":{"start":{"line":37,"column":2},"end":{"line":47,"column":4}},"7":{"start":{"line":49,"column":2},"end":{"line":55,"column":4}},"8":{"start":{"line":58,"column":0},"end":{"line":58,"column":30}}},"fnMap":{"0":{"name":"(anonymous_0)","decl":{"start":{"line":3,"column":21},"end":{"line":3,"column":22}},"loc":{"start":{"line":3,"column":33},"end":{"line":56,"column":1}},"line":3}},"branchMap":{},"s":{"0":2,"1":2,"2":12,"3":12,"4":12,"5":12,"6":12,"7":12,"8":2},"f":{"0":12},"b":{},"_coverageSchema":"43e27e138ebf9cfc5966b082cf9a028302ed4184","hash":"85a4fbe84e8aa51b4c281b4d726de4a18d174554"}
,"C:\\Users\\Eddie\\Desktop\\ThoughtWorks Jumpstart\\music-practice-sequelize\\models\\album.js": {"path":"C:\\Users\\Eddie\\Desktop\\ThoughtWorks Jumpstart\\music-practice-sequelize\\models\\album.js","statementMap":{"0":{"start":{"line":1,"column":14},"end":{"line":24,"column":1}},"1":{"start":{"line":2,"column":16},"end":{"line":17,"column":3}},"2":{"start":{"line":19,"column":2},"end":{"line":21,"column":4}},"3":{"start":{"line":20,"column":4},"end":{"line":20,"column":63}},"4":{"start":{"line":23,"column":2},"end":{"line":23,"column":15}},"5":{"start":{"line":26,"column":0},"end":{"line":26,"column":23}}},"fnMap":{"0":{"name":"(anonymous_0)","decl":{"start":{"line":1,"column":14},"end":{"line":1,"column":15}},"loc":{"start":{"line":1,"column":40},"end":{"line":24,"column":1}},"line":1},"1":{"name":"(anonymous_1)","decl":{"start":{"line":19,"column":20},"end":{"line":19,"column":21}},"loc":{"start":{"line":19,"column":30},"end":{"line":21,"column":3}},"line":19}},"branchMap":{},"s":{"0":5,"1":5,"2":5,"3":5,"4":5,"5":5},"f":{"0":5,"1":5},"b":{},"_coverageSchema":"43e27e138ebf9cfc5966b082cf9a028302ed4184","hash":"21b26891312846038ab9863a6d8713c0c35cc1a4"}
,"C:\\Users\\Eddie\\Desktop\\ThoughtWorks Jumpstart\\music-practice-sequelize\\models\\artist.js": {"path":"C:\\Users\\Eddie\\Desktop\\ThoughtWorks Jumpstart\\music-practice-sequelize\\models\\artist.js","statementMap":{"0":{"start":{"line":1,"column":15},"end":{"line":34,"column":1}},"1":{"start":{"line":2,"column":17},"end":{"line":27,"column":3}},"2":{"start":{"line":29,"column":2},"end":{"line":31,"column":4}},"3":{"start":{"line":30,"column":4},"end":{"line":30,"column":61}},"4":{"start":{"line":33,"column":2},"end":{"line":33,"column":16}},"5":{"start":{"line":36,"column":0},"end":{"line":36,"column":24}}},"fnMap":{"0":{"name":"(anonymous_0)","decl":{"start":{"line":1,"column":15},"end":{"line":1,"column":16}},"loc":{"start":{"line":1,"column":41},"end":{"line":34,"column":1}},"line":1},"1":{"name":"(anonymous_1)","decl":{"start":{"line":29,"column":21},"end":{"line":29,"column":22}},"loc":{"start":{"line":29,"column":31},"end":{"line":31,"column":3}},"line":29}},"branchMap":{},"s":{"0":5,"1":5,"2":5,"3":5,"4":5,"5":5},"f":{"0":5,"1":5},"b":{},"_coverageSchema":"43e27e138ebf9cfc5966b082cf9a028302ed4184","hash":"bc0a655b3db15c46fe77a0d9248a35138758bc90"}
,"C:\\Users\\Eddie\\Desktop\\ThoughtWorks Jumpstart\\music-practice-sequelize\\models\\index.js": {"path":"C:\\Users\\Eddie\\Desktop\\ThoughtWorks Jumpstart\\music-practice-sequelize\\models\\index.js","statementMap":{"0":{"start":{"line":1,"column":18},"end":{"line":1,"column":38}},"1":{"start":{"line":2,"column":0},"end":{"line":2,"column":27}},"2":{"start":{"line":4,"column":0},"end":{"line":11,"column":2}},"3":{"start":{"line":13,"column":15},"end":{"line":18,"column":1}},"4":{"start":{"line":20,"column":0},"end":{"line":24,"column":3}},"5":{"start":{"line":21,"column":2},"end":{"line":23,"column":3}},"6":{"start":{"line":22,"column":4},"end":{"line":22,"column":34}},"7":{"start":{"line":26,"column":0},"end":{"line":26,"column":42}}},"fnMap":{"0":{"name":"(anonymous_0)","decl":{"start":{"line":20,"column":28},"end":{"line":20,"column":29}},"loc":{"start":{"line":20,"column":35},"end":{"line":24,"column":1}},"line":20}},"branchMap":{"0":{"loc":{"start":{"line":21,"column":2},"end":{"line":23,"column":3}},"type":"if","locations":[{"start":{"line":21,"column":2},"end":{"line":23,"column":3}},{"start":{"line":21,"column":2},"end":{"line":23,"column":3}}],"line":21}},"s":{"0":5,"1":5,"2":5,"3":5,"4":5,"5":20,"6":20,"7":5},"f":{"0":20},"b":{"0":[20,0]},"_coverageSchema":"43e27e138ebf9cfc5966b082cf9a028302ed4184","hash":"e57bd49f9ea6a1bd912923f12cc30355438e61e0"}
,"C:\\Users\\Eddie\\Desktop\\ThoughtWorks Jumpstart\\music-practice-sequelize\\models\\playlist.js": {"path":"C:\\Users\\Eddie\\Desktop\\ThoughtWorks Jumpstart\\music-practice-sequelize\\models\\playlist.js","statementMap":{"0":{"start":{"line":1,"column":17},"end":{"line":28,"column":1}},"1":{"start":{"line":2,"column":19},"end":{"line":17,"column":3}},"2":{"start":{"line":19,"column":2},"end":{"line":25,"column":4}},"3":{"start":{"line":20,"column":4},"end":{"line":24,"column":7}},"4":{"start":{"line":27,"column":2},"end":{"line":27,"column":18}},"5":{"start":{"line":30,"column":0},"end":{"line":30,"column":26}}},"fnMap":{"0":{"name":"(anonymous_0)","decl":{"start":{"line":1,"column":17},"end":{"line":1,"column":18}},"loc":{"start":{"line":1,"column":43},"end":{"line":28,"column":1}},"line":1},"1":{"name":"(anonymous_1)","decl":{"start":{"line":19,"column":23},"end":{"line":19,"column":24}},"loc":{"start":{"line":19,"column":33},"end":{"line":25,"column":3}},"line":19}},"branchMap":{},"s":{"0":5,"1":5,"2":5,"3":5,"4":5,"5":5},"f":{"0":5,"1":5},"b":{},"_coverageSchema":"43e27e138ebf9cfc5966b082cf9a028302ed4184","hash":"3471b185d71c8f7eaa767c3bb1a51552fc028270"}
,"C:\\Users\\Eddie\\Desktop\\ThoughtWorks Jumpstart\\music-practice-sequelize\\models\\track.js": {"path":"C:\\Users\\Eddie\\Desktop\\ThoughtWorks Jumpstart\\music-practice-sequelize\\models\\track.js","statementMap":{"0":{"start":{"line":1,"column":14},"end":{"line":28,"column":1}},"1":{"start":{"line":2,"column":16},"end":{"line":17,"column":3}},"2":{"start":{"line":19,"column":2},"end":{"line":25,"column":4}},"3":{"start":{"line":20,"column":4},"end":{"line":24,"column":7}},"4":{"start":{"line":27,"column":2},"end":{"line":27,"column":15}},"5":{"start":{"line":30,"column":0},"end":{"line":30,"column":23}}},"fnMap":{"0":{"name":"(anonymous_0)","decl":{"start":{"line":1,"column":14},"end":{"line":1,"column":15}},"loc":{"start":{"line":1,"column":40},"end":{"line":28,"column":1}},"line":1},"1":{"name":"(anonymous_1)","decl":{"start":{"line":19,"column":20},"end":{"line":19,"column":21}},"loc":{"start":{"line":19,"column":30},"end":{"line":25,"column":3}},"line":19}},"branchMap":{},"s":{"0":5,"1":5,"2":5,"3":5,"4":5,"5":5},"f":{"0":5,"1":5},"b":{},"_coverageSchema":"43e27e138ebf9cfc5966b082cf9a028302ed4184","hash":"dedfc5c461e6c2b2d27c8fcbddb6d196e3a85d9a"}
,"C:\\Users\\Eddie\\Desktop\\ThoughtWorks Jumpstart\\music-practice-sequelize\\routes\\album.route.js": {"path":"C:\\Users\\Eddie\\Desktop\\ThoughtWorks Jumpstart\\music-practice-sequelize\\routes\\album.route.js","statementMap":{"0":{"start":{"line":1,"column":16},"end":{"line":1,"column":34}},"1":{"start":{"line":2,"column":20},"end":{"line":2,"column":36}},"2":{"start":{"line":3,"column":26},"end":{"line":3,"column":46}},"3":{"start":{"line":4,"column":18},"end":{"line":4,"column":38}},"4":{"start":{"line":6,"column":15},"end":{"line":6,"column":24}},"5":{"start":{"line":8,"column":0},"end":{"line":24,"column":3}},"6":{"start":{"line":9,"column":15},"end":{"line":9,"column":17}},"7":{"start":{"line":10,"column":14},"end":{"line":10,"column":23}},"8":{"start":{"line":12,"column":2},"end":{"line":20,"column":3}},"9":{"start":{"line":13,"column":4},"end":{"line":19,"column":6}},"10":{"start":{"line":22,"column":17},"end":{"line":22,"column":44}},"11":{"start":{"line":23,"column":2},"end":{"line":23,"column":19}},"12":{"start":{"line":26,"column":0},"end":{"line":33,"column":3}},"13":{"start":{"line":27,"column":15},"end":{"line":27,"column":25}},"14":{"start":{"line":28,"column":16},"end":{"line":28,"column":63}},"15":{"start":{"line":29,"column":2},"end":{"line":31,"column":3}},"16":{"start":{"line":30,"column":4},"end":{"line":30,"column":51}},"17":{"start":{"line":32,"column":2},"end":{"line":32,"column":18}},"18":{"start":{"line":35,"column":0},"end":{"line":35,"column":29}}},"fnMap":{"0":{"name":"(anonymous_0)","decl":{"start":{"line":8,"column":21},"end":{"line":8,"column":22}},"loc":{"start":{"line":8,"column":41},"end":{"line":24,"column":1}},"line":8},"1":{"name":"(anonymous_1)","decl":{"start":{"line":26,"column":24},"end":{"line":26,"column":25}},"loc":{"start":{"line":26,"column":44},"end":{"line":33,"column":1}},"line":26}},"branchMap":{"0":{"loc":{"start":{"line":12,"column":2},"end":{"line":20,"column":3}},"type":"if","locations":[{"start":{"line":12,"column":2},"end":{"line":20,"column":3}},{"start":{"line":12,"column":2},"end":{"line":20,"column":3}}],"line":12},"1":{"loc":{"start":{"line":29,"column":2},"end":{"line":31,"column":3}},"type":"if","locations":[{"start":{"line":29,"column":2},"end":{"line":31,"column":3}},{"start":{"line":29,"column":2},"end":{"line":31,"column":3}}],"line":29}},"s":{"0":5,"1":5,"2":5,"3":5,"4":5,"5":5,"6":2,"7":2,"8":2,"9":1,"10":2,"11":2,"12":5,"13":2,"14":2,"15":2,"16":1,"17":1,"18":5},"f":{"0":2,"1":2},"b":{"0":[1,1],"1":[1,1]},"_coverageSchema":"43e27e138ebf9cfc5966b082cf9a028302ed4184","hash":"1734d44019af3987335cd113921b67abf69d39e2"}
,"C:\\Users\\Eddie\\Desktop\\ThoughtWorks Jumpstart\\music-practice-sequelize\\routes\\artist.route.js": {"path":"C:\\Users\\Eddie\\Desktop\\ThoughtWorks Jumpstart\\music-practice-sequelize\\routes\\artist.route.js","statementMap":{"0":{"start":{"line":1,"column":16},"end":{"line":1,"column":34}},"1":{"start":{"line":2,"column":21},"end":{"line":2,"column":37}},"2":{"start":{"line":3,"column":26},"end":{"line":3,"column":46}},"3":{"start":{"line":4,"column":18},"end":{"line":4,"column":38}},"4":{"start":{"line":6,"column":15},"end":{"line":6,"column":24}},"5":{"start":{"line":8,"column":0},"end":{"line":24,"column":3}},"6":{"start":{"line":9,"column":15},"end":{"line":9,"column":17}},"7":{"start":{"line":10,"column":14},"end":{"line":10,"column":23}},"8":{"start":{"line":12,"column":2},"end":{"line":20,"column":3}},"9":{"start":{"line":13,"column":4},"end":{"line":19,"column":6}},"10":{"start":{"line":22,"column":18},"end":{"line":22,"column":46}},"11":{"start":{"line":23,"column":2},"end":{"line":23,"column":20}},"12":{"start":{"line":26,"column":0},"end":{"line":33,"column":3}},"13":{"start":{"line":27,"column":15},"end":{"line":27,"column":25}},"14":{"start":{"line":28,"column":17},"end":{"line":28,"column":64}},"15":{"start":{"line":29,"column":2},"end":{"line":31,"column":3}},"16":{"start":{"line":30,"column":4},"end":{"line":30,"column":52}},"17":{"start":{"line":32,"column":2},"end":{"line":32,"column":19}},"18":{"start":{"line":35,"column":0},"end":{"line":50,"column":3}},"19":{"start":{"line":36,"column":2},"end":{"line":49,"column":3}},"20":{"start":{"line":37,"column":19},"end":{"line":37,"column":27}},"21":{"start":{"line":38,"column":22},"end":{"line":38,"column":57}},"22":{"start":{"line":39,"column":4},"end":{"line":39,"column":24}},"23":{"start":{"line":41,"column":4},"end":{"line":48,"column":7}},"24":{"start":{"line":43,"column":8},"end":{"line":46,"column":10}},"25":{"start":{"line":52,"column":0},"end":{"line":52,"column":30}}},"fnMap":{"0":{"name":"(anonymous_0)","decl":{"start":{"line":8,"column":22},"end":{"line":8,"column":23}},"loc":{"start":{"line":8,"column":42},"end":{"line":24,"column":1}},"line":8},"1":{"name":"(anonymous_1)","decl":{"start":{"line":26,"column":25},"end":{"line":26,"column":26}},"loc":{"start":{"line":26,"column":45},"end":{"line":33,"column":1}},"line":26},"2":{"name":"(anonymous_2)","decl":{"start":{"line":35,"column":23},"end":{"line":35,"column":24}},"loc":{"start":{"line":35,"column":43},"end":{"line":50,"column":1}},"line":35},"3":{"name":"(anonymous_3)","decl":{"start":{"line":42,"column":29},"end":{"line":42,"column":30}},"loc":{"start":{"line":42,"column":38},"end":{"line":47,"column":7}},"line":42}},"branchMap":{"0":{"loc":{"start":{"line":12,"column":2},"end":{"line":20,"column":3}},"type":"if","locations":[{"start":{"line":12,"column":2},"end":{"line":20,"column":3}},{"start":{"line":12,"column":2},"end":{"line":20,"column":3}}],"line":12},"1":{"loc":{"start":{"line":29,"column":2},"end":{"line":31,"column":3}},"type":"if","locations":[{"start":{"line":29,"column":2},"end":{"line":31,"column":3}},{"start":{"line":29,"column":2},"end":{"line":31,"column":3}}],"line":29}},"s":{"0":5,"1":5,"2":5,"3":5,"4":5,"5":5,"6":2,"7":2,"8":2,"9":1,"10":2,"11":2,"12":5,"13":2,"14":2,"15":2,"16":1,"17":1,"18":5,"19":3,"20":3,"21":3,"22":1,"23":2,"24":3,"25":5},"f":{"0":2,"1":2,"2":3,"3":3},"b":{"0":[1,1],"1":[1,1]},"_coverageSchema":"43e27e138ebf9cfc5966b082cf9a028302ed4184","hash":"2a3a208b9613c19ca92134fbf063674a84b34b62"}
,"C:\\Users\\Eddie\\Desktop\\ThoughtWorks Jumpstart\\music-practice-sequelize\\routes\\playlist.route.js": {"path":"C:\\Users\\Eddie\\Desktop\\ThoughtWorks Jumpstart\\music-practice-sequelize\\routes\\playlist.route.js","statementMap":{"0":{"start":{"line":1,"column":16},"end":{"line":1,"column":34}},"1":{"start":{"line":2,"column":23},"end":{"line":2,"column":39}},"2":{"start":{"line":3,"column":28},"end":{"line":3,"column":48}},"3":{"start":{"line":4,"column":18},"end":{"line":4,"column":38}},"4":{"start":{"line":6,"column":15},"end":{"line":6,"column":24}},"5":{"start":{"line":8,"column":0},"end":{"line":24,"column":3}},"6":{"start":{"line":9,"column":15},"end":{"line":9,"column":17}},"7":{"start":{"line":10,"column":14},"end":{"line":10,"column":23}},"8":{"start":{"line":12,"column":2},"end":{"line":20,"column":3}},"9":{"start":{"line":13,"column":4},"end":{"line":19,"column":6}},"10":{"start":{"line":22,"column":20},"end":{"line":22,"column":50}},"11":{"start":{"line":23,"column":2},"end":{"line":23,"column":22}},"12":{"start":{"line":26,"column":0},"end":{"line":33,"column":3}},"13":{"start":{"line":27,"column":15},"end":{"line":27,"column":25}},"14":{"start":{"line":28,"column":19},"end":{"line":28,"column":68}},"15":{"start":{"line":29,"column":2},"end":{"line":31,"column":3}},"16":{"start":{"line":30,"column":4},"end":{"line":30,"column":54}},"17":{"start":{"line":32,"column":2},"end":{"line":32,"column":21}},"18":{"start":{"line":35,"column":0},"end":{"line":43,"column":3}},"19":{"start":{"line":36,"column":15},"end":{"line":36,"column":25}},"20":{"start":{"line":37,"column":19},"end":{"line":37,"column":46}},"21":{"start":{"line":38,"column":2},"end":{"line":40,"column":3}},"22":{"start":{"line":39,"column":4},"end":{"line":39,"column":54}},"23":{"start":{"line":41,"column":26},"end":{"line":41,"column":57}},"24":{"start":{"line":42,"column":2},"end":{"line":42,"column":40}},"25":{"start":{"line":45,"column":0},"end":{"line":53,"column":3}},"26":{"start":{"line":46,"column":15},"end":{"line":46,"column":25}},"27":{"start":{"line":47,"column":19},"end":{"line":47,"column":46}},"28":{"start":{"line":48,"column":2},"end":{"line":50,"column":3}},"29":{"start":{"line":49,"column":4},"end":{"line":49,"column":54}},"30":{"start":{"line":51,"column":2},"end":{"line":51,"column":27}},"31":{"start":{"line":52,"column":2},"end":{"line":52,"column":46}},"32":{"start":{"line":78,"column":0},"end":{"line":78,"column":32}}},"fnMap":{"0":{"name":"(anonymous_0)","decl":{"start":{"line":8,"column":24},"end":{"line":8,"column":25}},"loc":{"start":{"line":8,"column":44},"end":{"line":24,"column":1}},"line":8},"1":{"name":"(anonymous_1)","decl":{"start":{"line":26,"column":27},"end":{"line":26,"column":28}},"loc":{"start":{"line":26,"column":47},"end":{"line":33,"column":1}},"line":26},"2":{"name":"(anonymous_2)","decl":{"start":{"line":35,"column":27},"end":{"line":35,"column":28}},"loc":{"start":{"line":35,"column":47},"end":{"line":43,"column":1}},"line":35},"3":{"name":"(anonymous_3)","decl":{"start":{"line":45,"column":30},"end":{"line":45,"column":31}},"loc":{"start":{"line":45,"column":50},"end":{"line":53,"column":1}},"line":45}},"branchMap":{"0":{"loc":{"start":{"line":12,"column":2},"end":{"line":20,"column":3}},"type":"if","locations":[{"start":{"line":12,"column":2},"end":{"line":20,"column":3}},{"start":{"line":12,"column":2},"end":{"line":20,"column":3}}],"line":12},"1":{"loc":{"start":{"line":29,"column":2},"end":{"line":31,"column":3}},"type":"if","locations":[{"start":{"line":29,"column":2},"end":{"line":31,"column":3}},{"start":{"line":29,"column":2},"end":{"line":31,"column":3}}],"line":29},"2":{"loc":{"start":{"line":38,"column":2},"end":{"line":40,"column":3}},"type":"if","locations":[{"start":{"line":38,"column":2},"end":{"line":40,"column":3}},{"start":{"line":38,"column":2},"end":{"line":40,"column":3}}],"line":38},"3":{"loc":{"start":{"line":48,"column":2},"end":{"line":50,"column":3}},"type":"if","locations":[{"start":{"line":48,"column":2},"end":{"line":50,"column":3}},{"start":{"line":48,"column":2},"end":{"line":50,"column":3}}],"line":48}},"s":{"0":5,"1":5,"2":5,"3":5,"4":5,"5":5,"6":3,"7":3,"8":3,"9":1,"10":3,"11":3,"12":5,"13":2,"14":2,"15":2,"16":1,"17":1,"18":5,"19":2,"20":2,"21":2,"22":1,"23":1,"24":1,"25":5,"26":2,"27":2,"28":2,"29":1,"30":1,"31":1,"32":5},"f":{"0":3,"1":2,"2":2,"3":2},"b":{"0":[1,2],"1":[1,1],"2":[1,1],"3":[1,1]},"_coverageSchema":"43e27e138ebf9cfc5966b082cf9a028302ed4184","hash":"4b2dcbe1cfc67c8cdd718f68a7766c294ab1e85a"}
,"C:\\Users\\Eddie\\Desktop\\ThoughtWorks Jumpstart\\music-practice-sequelize\\routes\\track.route.js": {"path":"C:\\Users\\Eddie\\Desktop\\ThoughtWorks Jumpstart\\music-practice-sequelize\\routes\\track.route.js","statementMap":{"0":{"start":{"line":1,"column":16},"end":{"line":1,"column":34}},"1":{"start":{"line":2,"column":20},"end":{"line":2,"column":36}},"2":{"start":{"line":3,"column":28},"end":{"line":3,"column":48}},"3":{"start":{"line":5,"column":0},"end":{"line":8,"column":3}},"4":{"start":{"line":6,"column":17},"end":{"line":6,"column":38}},"5":{"start":{"line":7,"column":2},"end":{"line":7,"column":19}},"6":{"start":{"line":10,"column":0},"end":{"line":17,"column":3}},"7":{"start":{"line":11,"column":15},"end":{"line":11,"column":25}},"8":{"start":{"line":12,"column":16},"end":{"line":12,"column":65}},"9":{"start":{"line":13,"column":2},"end":{"line":15,"column":3}},"10":{"start":{"line":14,"column":4},"end":{"line":14,"column":54}},"11":{"start":{"line":16,"column":2},"end":{"line":16,"column":18}},"12":{"start":{"line":19,"column":0},"end":{"line":19,"column":29}}},"fnMap":{"0":{"name":"(anonymous_0)","decl":{"start":{"line":5,"column":21},"end":{"line":5,"column":22}},"loc":{"start":{"line":5,"column":41},"end":{"line":8,"column":1}},"line":5},"1":{"name":"(anonymous_1)","decl":{"start":{"line":10,"column":24},"end":{"line":10,"column":25}},"loc":{"start":{"line":10,"column":44},"end":{"line":17,"column":1}},"line":10}},"branchMap":{"0":{"loc":{"start":{"line":13,"column":2},"end":{"line":15,"column":3}},"type":"if","locations":[{"start":{"line":13,"column":2},"end":{"line":15,"column":3}},{"start":{"line":13,"column":2},"end":{"line":15,"column":3}}],"line":13}},"s":{"0":5,"1":5,"2":5,"3":5,"4":1,"5":1,"6":5,"7":2,"8":2,"9":2,"10":1,"11":1,"12":5},"f":{"0":1,"1":2},"b":{"0":[1,1]},"_coverageSchema":"43e27e138ebf9cfc5966b082cf9a028302ed4184","hash":"07d02a7f0e6caa0f07505bacf41fa74479d49dcf"}
}
