TN:
SF:C:\Users\Eddie\Desktop\ThoughtWorks Jumpstart\music-practice-sequelize\app.js
FN:10,(anonymous_0)
FNF:1
FNH:1
FNDA:1,(anonymous_0)
DA:1,5
DA:2,5
DA:3,5
DA:4,5
DA:5,5
DA:6,5
DA:8,5
DA:10,5
DA:11,5
DA:12,5
DA:13,5
DA:14,5
DA:16,5
LF:13
LH:13
BRF:0
BRH:0
end_of_record
TN:
SF:C:\Users\Eddie\Desktop\ThoughtWorks Jumpstart\music-practice-sequelize\seed.js
FN:3,(anonymous_0)
FNF:1
FNH:1
FNDA:12,(anonymous_0)
DA:1,2
DA:3,2
DA:4,12
DA:11,12
DA:22,12
DA:29,12
DA:37,12
DA:49,12
DA:58,2
LF:9
LH:9
BRF:0
BRH:0
end_of_record
TN:
SF:C:\Users\Eddie\Desktop\ThoughtWorks Jumpstart\music-practice-sequelize\models\album.js
FN:1,(anonymous_0)
FN:19,(anonymous_1)
FNF:2
FNH:2
FNDA:5,(anonymous_0)
FNDA:5,(anonymous_1)
DA:1,5
DA:2,5
DA:19,5
DA:20,5
DA:23,5
DA:26,5
LF:6
LH:6
BRF:0
BRH:0
end_of_record
TN:
SF:C:\Users\Eddie\Desktop\ThoughtWorks Jumpstart\music-practice-sequelize\models\artist.js
FN:1,(anonymous_0)
FN:29,(anonymous_1)
FNF:2
FNH:2
FNDA:5,(anonymous_0)
FNDA:5,(anonymous_1)
DA:1,5
DA:2,5
DA:29,5
DA:30,5
DA:33,5
DA:36,5
LF:6
LH:6
BRF:0
BRH:0
end_of_record
TN:
SF:C:\Users\Eddie\Desktop\ThoughtWorks Jumpstart\music-practice-sequelize\models\index.js
FN:20,(anonymous_0)
FNF:1
FNH:1
FNDA:20,(anonymous_0)
DA:1,5
DA:2,5
DA:4,5
DA:13,5
DA:20,5
DA:21,20
DA:22,20
DA:26,5
LF:8
LH:8
BRDA:21,0,0,20
BRDA:21,0,1,0
BRF:2
BRH:1
end_of_record
TN:
SF:C:\Users\Eddie\Desktop\ThoughtWorks Jumpstart\music-practice-sequelize\models\playlist.js
FN:1,(anonymous_0)
FN:19,(anonymous_1)
FNF:2
FNH:2
FNDA:5,(anonymous_0)
FNDA:5,(anonymous_1)
DA:1,5
DA:2,5
DA:19,5
DA:20,5
DA:27,5
DA:30,5
LF:6
LH:6
BRF:0
BRH:0
end_of_record
TN:
SF:C:\Users\Eddie\Desktop\ThoughtWorks Jumpstart\music-practice-sequelize\models\track.js
FN:1,(anonymous_0)
FN:19,(anonymous_1)
FNF:2
FNH:2
FNDA:5,(anonymous_0)
FNDA:5,(anonymous_1)
DA:1,5
DA:2,5
DA:19,5
DA:20,5
DA:27,5
DA:30,5
LF:6
LH:6
BRF:0
BRH:0
end_of_record
TN:
SF:C:\Users\Eddie\Desktop\ThoughtWorks Jumpstart\music-practice-sequelize\routes\album.route.js
FN:8,(anonymous_0)
FN:26,(anonymous_1)
FNF:2
FNH:2
FNDA:2,(anonymous_0)
FNDA:2,(anonymous_1)
DA:1,5
DA:2,5
DA:3,5
DA:4,5
DA:6,5
DA:8,5
DA:9,2
DA:10,2
DA:12,2
DA:13,1
DA:22,2
DA:23,2
DA:26,5
DA:27,2
DA:28,2
DA:29,2
DA:30,1
DA:32,1
DA:35,5
LF:19
LH:19
BRDA:12,0,0,1
BRDA:12,0,1,1
BRDA:29,1,0,1
BRDA:29,1,1,1
BRF:4
BRH:4
end_of_record
TN:
SF:C:\Users\Eddie\Desktop\ThoughtWorks Jumpstart\music-practice-sequelize\routes\artist.route.js
FN:8,(anonymous_0)
FN:26,(anonymous_1)
FN:35,(anonymous_2)
FN:42,(anonymous_3)
FNF:4
FNH:4
FNDA:2,(anonymous_0)
FNDA:2,(anonymous_1)
FNDA:3,(anonymous_2)
FNDA:3,(anonymous_3)
DA:1,5
DA:2,5
DA:3,5
DA:4,5
DA:6,5
DA:8,5
DA:9,2
DA:10,2
DA:12,2
DA:13,1
DA:22,2
DA:23,2
DA:26,5
DA:27,2
DA:28,2
DA:29,2
DA:30,1
DA:32,1
DA:35,5
DA:36,3
DA:37,3
DA:38,3
DA:39,1
DA:41,2
DA:43,3
DA:52,5
LF:26
LH:26
BRDA:12,0,0,1
BRDA:12,0,1,1
BRDA:29,1,0,1
BRDA:29,1,1,1
BRF:4
BRH:4
end_of_record
TN:
SF:C:\Users\Eddie\Desktop\ThoughtWorks Jumpstart\music-practice-sequelize\routes\playlist.route.js
FN:8,(anonymous_0)
FN:26,(anonymous_1)
FN:35,(anonymous_2)
FN:45,(anonymous_3)
FNF:4
FNH:4
FNDA:3,(anonymous_0)
FNDA:2,(anonymous_1)
FNDA:2,(anonymous_2)
FNDA:2,(anonymous_3)
DA:1,5
DA:2,5
DA:3,5
DA:4,5
DA:6,5
DA:8,5
DA:9,3
DA:10,3
DA:12,3
DA:13,1
DA:22,3
DA:23,3
DA:26,5
DA:27,2
DA:28,2
DA:29,2
DA:30,1
DA:32,1
DA:35,5
DA:36,2
DA:37,2
DA:38,2
DA:39,1
DA:41,1
DA:42,1
DA:45,5
DA:46,2
DA:47,2
DA:48,2
DA:49,1
DA:51,1
DA:52,1
DA:78,5
LF:33
LH:33
BRDA:12,0,0,1
BRDA:12,0,1,2
BRDA:29,1,0,1
BRDA:29,1,1,1
BRDA:38,2,0,1
BRDA:38,2,1,1
BRDA:48,3,0,1
BRDA:48,3,1,1
BRF:8
BRH:8
end_of_record
TN:
SF:C:\Users\Eddie\Desktop\ThoughtWorks Jumpstart\music-practice-sequelize\routes\track.route.js
FN:5,(anonymous_0)
FN:10,(anonymous_1)
FNF:2
FNH:2
FNDA:1,(anonymous_0)
FNDA:2,(anonymous_1)
DA:1,5
DA:2,5
DA:3,5
DA:5,5
DA:6,1
DA:7,1
DA:10,5
DA:11,2
DA:12,2
DA:13,2
DA:14,1
DA:16,1
DA:19,5
LF:13
LH:13
BRDA:13,0,0,1
BRDA:13,0,1,1
BRF:2
BRH:2
end_of_record
